<?xml version="1.0" encoding="UTF-8"?>
<testng-results ignored="0" total="1" passed="1" failed="0" skipped="0">
  <reporter-output>
  </reporter-output>
  <suite started-at="2024-11-29T17:12:25 IST" name="Default suite" finished-at="2024-11-29T17:12:57 IST" duration-ms="32447">
    <groups>
      <group name="cucumber">
        <method signature="AbstractTestNGCucumberTests.runScenario(io.cucumber.testng.PickleWrapper,io.cucumber.testng.FeatureWrapper)[pri:0, instance:runnerClzPkg.SwagLabsLogin@f5958c9]" name="runScenario" class="io.cucumber.testng.AbstractTestNGCucumberTests"/>
      </group> <!-- cucumber -->
    </groups>
    <test started-at="2024-11-29T17:12:25 IST" name="Default test" finished-at="2024-11-29T17:12:57 IST" duration-ms="32447">
      <class name="runnerClzPkg.SwagLabsLogin">
        <test-method is-config="true" signature="setUpClass(org.testng.ITestContext)[pri:0, instance:runnerClzPkg.SwagLabsLogin@f5958c9]" started-at="2024-11-29T17:12:25 IST" name="setUpClass" finished-at="2024-11-29T17:12:26 IST" duration-ms="766" status="PASS">
          <params>
            <param index="0">
              <value>
                <![CDATA[org.testng.TestRunner@6e92c6ad]]>
              </value>
            </param>
          </params>
          <reporter-output>
          </reporter-output>
        </test-method> <!-- setUpClass -->
        <test-method signature="runScenario(io.cucumber.testng.PickleWrapper,io.cucumber.testng.FeatureWrapper)[pri:0, instance:runnerClzPkg.SwagLabsLogin@f5958c9]" started-at="2024-11-29T17:12:26 IST" name="runScenario" description="Runs Cucumber Scenarios" data-provider="scenarios" finished-at="2024-11-29T17:12:57 IST" duration-ms="31473" status="PASS">
          <params>
            <param index="0">
              <value>
                <![CDATA["need to navigate to the SwagLabs site with correct credentials"]]>
              </value>
            </param>
            <param index="1">
              <value>
                <![CDATA["Test whether use can navigate to prodct page successfully"]]>
              </value>
            </param>
          </params>
          <reporter-output>
          </reporter-output>
        </test-method> <!-- runScenario -->
        <test-method is-config="true" signature="tearDownClass()[pri:0, instance:runnerClzPkg.SwagLabsLogin@f5958c9]" started-at="2024-11-29T17:12:57 IST" name="tearDownClass" finished-at="2024-11-29T17:12:57 IST" duration-ms="4" status="PASS">
          <reporter-output>
          </reporter-output>
        </test-method> <!-- tearDownClass -->
      </class> <!-- runnerClzPkg.SwagLabsLogin -->
    </test> <!-- Default test -->
  </suite> <!-- Default suite -->
</testng-results>
